<?xml version="1.0" encoding="UTF-8"?>
<testsuite xmlns:xsi="http://www.w3.org/2001/XMLSchema-instance" xsi:noNamespaceSchemaLocation="https://maven.apache.org/surefire/maven-surefire-plugin/xsd/surefire-test-report.xsd" name="com.personal.spcxueping.SpCxuepingApplicationTests" time="11.504" tests="1" errors="0" skipped="0" failures="0">
  <properties>
    <property name="sun.desktop" value="windows"/>
    <property name="awt.toolkit" value="sun.awt.windows.WToolkit"/>
    <property name="file.encoding.pkg" value="sun.io"/>
    <property name="java.specification.version" value="1.8"/>
    <property name="sun.cpu.isalist" value="amd64"/>
    <property name="sun.jnu.encoding" value="GBK"/>
    <property name="java.class.path" value="C:\Users\LiuZijian\IdeaProjects\SPCxueping\target\test-classes;C:\Users\LiuZijian\IdeaProjects\SPCxueping\target\classes;E:\maven_space\maven_jar\org\springframework\boot\spring-boot-starter-web\2.5.2\spring-boot-starter-web-2.5.2.jar;E:\maven_space\maven_jar\org\springframework\boot\spring-boot-starter\2.5.2\spring-boot-starter-2.5.2.jar;E:\maven_space\maven_jar\org\springframework\boot\spring-boot\2.5.2\spring-boot-2.5.2.jar;E:\maven_space\maven_jar\org\springframework\boot\spring-boot-autoconfigure\2.5.2\spring-boot-autoconfigure-2.5.2.jar;E:\maven_space\maven_jar\org\springframework\boot\spring-boot-starter-logging\2.5.2\spring-boot-starter-logging-2.5.2.jar;E:\maven_space\maven_jar\ch\qos\logback\logback-classic\1.2.3\logback-classic-1.2.3.jar;E:\maven_space\maven_jar\ch\qos\logback\logback-core\1.2.3\logback-core-1.2.3.jar;E:\maven_space\maven_jar\org\apache\logging\log4j\log4j-to-slf4j\2.14.1\log4j-to-slf4j-2.14.1.jar;E:\maven_space\maven_jar\org\apache\logging\log4j\log4j-api\2.14.1\log4j-api-2.14.1.jar;E:\maven_space\maven_jar\org\slf4j\jul-to-slf4j\1.7.31\jul-to-slf4j-1.7.31.jar;E:\maven_space\maven_jar\jakarta\annotation\jakarta.annotation-api\1.3.5\jakarta.annotation-api-1.3.5.jar;E:\maven_space\maven_jar\org\yaml\snakeyaml\1.28\snakeyaml-1.28.jar;E:\maven_space\maven_jar\org\springframework\boot\spring-boot-starter-json\2.5.2\spring-boot-starter-json-2.5.2.jar;E:\maven_space\maven_jar\com\fasterxml\jackson\core\jackson-databind\2.12.3\jackson-databind-2.12.3.jar;E:\maven_space\maven_jar\com\fasterxml\jackson\core\jackson-annotations\2.12.3\jackson-annotations-2.12.3.jar;E:\maven_space\maven_jar\com\fasterxml\jackson\core\jackson-core\2.12.3\jackson-core-2.12.3.jar;E:\maven_space\maven_jar\com\fasterxml\jackson\datatype\jackson-datatype-jdk8\2.12.3\jackson-datatype-jdk8-2.12.3.jar;E:\maven_space\maven_jar\com\fasterxml\jackson\datatype\jackson-datatype-jsr310\2.12.3\jackson-datatype-jsr310-2.12.3.jar;E:\maven_space\maven_jar\com\fasterxml\jackson\module\jackson-module-parameter-names\2.12.3\jackson-module-parameter-names-2.12.3.jar;E:\maven_space\maven_jar\org\springframework\boot\spring-boot-starter-tomcat\2.5.2\spring-boot-starter-tomcat-2.5.2.jar;E:\maven_space\maven_jar\org\apache\tomcat\embed\tomcat-embed-core\9.0.48\tomcat-embed-core-9.0.48.jar;E:\maven_space\maven_jar\org\apache\tomcat\embed\tomcat-embed-el\9.0.48\tomcat-embed-el-9.0.48.jar;E:\maven_space\maven_jar\org\apache\tomcat\embed\tomcat-embed-websocket\9.0.48\tomcat-embed-websocket-9.0.48.jar;E:\maven_space\maven_jar\org\springframework\spring-web\5.3.8\spring-web-5.3.8.jar;E:\maven_space\maven_jar\org\springframework\spring-beans\5.3.8\spring-beans-5.3.8.jar;E:\maven_space\maven_jar\org\springframework\spring-webmvc\5.3.8\spring-webmvc-5.3.8.jar;E:\maven_space\maven_jar\org\springframework\spring-aop\5.3.8\spring-aop-5.3.8.jar;E:\maven_space\maven_jar\org\springframework\spring-context\5.3.8\spring-context-5.3.8.jar;E:\maven_space\maven_jar\org\springframework\spring-expression\5.3.8\spring-expression-5.3.8.jar;E:\maven_space\maven_jar\org\mybatis\spring\boot\mybatis-spring-boot-starter\2.2.0\mybatis-spring-boot-starter-2.2.0.jar;E:\maven_space\maven_jar\org\springframework\boot\spring-boot-starter-jdbc\2.5.2\spring-boot-starter-jdbc-2.5.2.jar;E:\maven_space\maven_jar\com\zaxxer\HikariCP\4.0.3\HikariCP-4.0.3.jar;E:\maven_space\maven_jar\org\springframework\spring-jdbc\5.3.8\spring-jdbc-5.3.8.jar;E:\maven_space\maven_jar\org\springframework\spring-tx\5.3.8\spring-tx-5.3.8.jar;E:\maven_space\maven_jar\org\mybatis\spring\boot\mybatis-spring-boot-autoconfigure\2.2.0\mybatis-spring-boot-autoconfigure-2.2.0.jar;E:\maven_space\maven_jar\org\mybatis\mybatis\3.5.7\mybatis-3.5.7.jar;E:\maven_space\maven_jar\org\mybatis\mybatis-spring\2.0.6\mybatis-spring-2.0.6.jar;E:\maven_space\maven_jar\mysql\mysql-connector-java\8.0.25\mysql-connector-java-8.0.25.jar;E:\maven_space\maven_jar\org\springframework\boot\spring-boot-starter-test\2.5.2\spring-boot-starter-test-2.5.2.jar;E:\maven_space\maven_jar\org\springframework\boot\spring-boot-test\2.5.2\spring-boot-test-2.5.2.jar;E:\maven_space\maven_jar\org\springframework\boot\spring-boot-test-autoconfigure\2.5.2\spring-boot-test-autoconfigure-2.5.2.jar;E:\maven_space\maven_jar\com\jayway\jsonpath\json-path\2.5.0\json-path-2.5.0.jar;E:\maven_space\maven_jar\net\minidev\json-smart\2.4.7\json-smart-2.4.7.jar;E:\maven_space\maven_jar\net\minidev\accessors-smart\2.4.7\accessors-smart-2.4.7.jar;E:\maven_space\maven_jar\org\ow2\asm\asm\9.1\asm-9.1.jar;E:\maven_space\maven_jar\org\slf4j\slf4j-api\1.7.31\slf4j-api-1.7.31.jar;E:\maven_space\maven_jar\jakarta\xml\bind\jakarta.xml.bind-api\2.3.3\jakarta.xml.bind-api-2.3.3.jar;E:\maven_space\maven_jar\jakarta\activation\jakarta.activation-api\1.2.2\jakarta.activation-api-1.2.2.jar;E:\maven_space\maven_jar\org\assertj\assertj-core\3.19.0\assertj-core-3.19.0.jar;E:\maven_space\maven_jar\org\hamcrest\hamcrest\2.2\hamcrest-2.2.jar;E:\maven_space\maven_jar\org\junit\jupiter\junit-jupiter\5.7.2\junit-jupiter-5.7.2.jar;E:\maven_space\maven_jar\org\junit\jupiter\junit-jupiter-api\5.7.2\junit-jupiter-api-5.7.2.jar;E:\maven_space\maven_jar\org\apiguardian\apiguardian-api\1.1.0\apiguardian-api-1.1.0.jar;E:\maven_space\maven_jar\org\opentest4j\opentest4j\1.2.0\opentest4j-1.2.0.jar;E:\maven_space\maven_jar\org\junit\platform\junit-platform-commons\1.7.2\junit-platform-commons-1.7.2.jar;E:\maven_space\maven_jar\org\junit\jupiter\junit-jupiter-params\5.7.2\junit-jupiter-params-5.7.2.jar;E:\maven_space\maven_jar\org\junit\jupiter\junit-jupiter-engine\5.7.2\junit-jupiter-engine-5.7.2.jar;E:\maven_space\maven_jar\org\junit\platform\junit-platform-engine\1.7.2\junit-platform-engine-1.7.2.jar;E:\maven_space\maven_jar\org\mockito\mockito-core\3.9.0\mockito-core-3.9.0.jar;E:\maven_space\maven_jar\net\bytebuddy\byte-buddy\1.10.22\byte-buddy-1.10.22.jar;E:\maven_space\maven_jar\net\bytebuddy\byte-buddy-agent\1.10.22\byte-buddy-agent-1.10.22.jar;E:\maven_space\maven_jar\org\objenesis\objenesis\3.2\objenesis-3.2.jar;E:\maven_space\maven_jar\org\mockito\mockito-junit-jupiter\3.9.0\mockito-junit-jupiter-3.9.0.jar;E:\maven_space\maven_jar\org\skyscreamer\jsonassert\1.5.0\jsonassert-1.5.0.jar;E:\maven_space\maven_jar\com\vaadin\external\google\android-json\0.0.20131108.vaadin1\android-json-0.0.20131108.vaadin1.jar;E:\maven_space\maven_jar\org\springframework\spring-core\5.3.8\spring-core-5.3.8.jar;E:\maven_space\maven_jar\org\springframework\spring-jcl\5.3.8\spring-jcl-5.3.8.jar;E:\maven_space\maven_jar\org\springframework\spring-test\5.3.8\spring-test-5.3.8.jar;E:\maven_space\maven_jar\org\xmlunit\xmlunit-core\2.8.2\xmlunit-core-2.8.2.jar;"/>
    <property name="java.vm.vendor" value="Oracle Corporation"/>
    <property name="sun.arch.data.model" value="64"/>
    <property name="user.variant" value=""/>
    <property name="java.vendor.url" value="http://java.oracle.com/"/>
    <property name="user.timezone" value="Asia/Shanghai"/>
    <property name="java.vm.specification.version" value="1.8"/>
    <property name="os.name" value="Windows 10"/>
    <property name="user.country" value="CN"/>
    <property name="sun.java.launcher" value="SUN_STANDARD"/>
    <property name="sun.boot.library.path" value="E:\jdk 1.8.281\jre\bin"/>
    <property name="sun.java.command" value="C:\Users\LIUZIJ~1\AppData\Local\Temp\surefire1254548317375986770\surefirebooter4952556169480821134.jar C:\Users\LiuZijian\AppData\Local\Temp\surefire1254548317375986770 2021-07-13T19-39-52_074-jvmRun1 surefire6425792357783914984tmp surefire_02495162892344238786tmp"/>
    <property name="surefire.test.class.path" value="C:\Users\LiuZijian\IdeaProjects\SPCxueping\target\test-classes;C:\Users\LiuZijian\IdeaProjects\SPCxueping\target\classes;E:\maven_space\maven_jar\org\springframework\boot\spring-boot-starter-web\2.5.2\spring-boot-starter-web-2.5.2.jar;E:\maven_space\maven_jar\org\springframework\boot\spring-boot-starter\2.5.2\spring-boot-starter-2.5.2.jar;E:\maven_space\maven_jar\org\springframework\boot\spring-boot\2.5.2\spring-boot-2.5.2.jar;E:\maven_space\maven_jar\org\springframework\boot\spring-boot-autoconfigure\2.5.2\spring-boot-autoconfigure-2.5.2.jar;E:\maven_space\maven_jar\org\springframework\boot\spring-boot-starter-logging\2.5.2\spring-boot-starter-logging-2.5.2.jar;E:\maven_space\maven_jar\ch\qos\logback\logback-classic\1.2.3\logback-classic-1.2.3.jar;E:\maven_space\maven_jar\ch\qos\logback\logback-core\1.2.3\logback-core-1.2.3.jar;E:\maven_space\maven_jar\org\apache\logging\log4j\log4j-to-slf4j\2.14.1\log4j-to-slf4j-2.14.1.jar;E:\maven_space\maven_jar\org\apache\logging\log4j\log4j-api\2.14.1\log4j-api-2.14.1.jar;E:\maven_space\maven_jar\org\slf4j\jul-to-slf4j\1.7.31\jul-to-slf4j-1.7.31.jar;E:\maven_space\maven_jar\jakarta\annotation\jakarta.annotation-api\1.3.5\jakarta.annotation-api-1.3.5.jar;E:\maven_space\maven_jar\org\yaml\snakeyaml\1.28\snakeyaml-1.28.jar;E:\maven_space\maven_jar\org\springframework\boot\spring-boot-starter-json\2.5.2\spring-boot-starter-json-2.5.2.jar;E:\maven_space\maven_jar\com\fasterxml\jackson\core\jackson-databind\2.12.3\jackson-databind-2.12.3.jar;E:\maven_space\maven_jar\com\fasterxml\jackson\core\jackson-annotations\2.12.3\jackson-annotations-2.12.3.jar;E:\maven_space\maven_jar\com\fasterxml\jackson\core\jackson-core\2.12.3\jackson-core-2.12.3.jar;E:\maven_space\maven_jar\com\fasterxml\jackson\datatype\jackson-datatype-jdk8\2.12.3\jackson-datatype-jdk8-2.12.3.jar;E:\maven_space\maven_jar\com\fasterxml\jackson\datatype\jackson-datatype-jsr310\2.12.3\jackson-datatype-jsr310-2.12.3.jar;E:\maven_space\maven_jar\com\fasterxml\jackson\module\jackson-module-parameter-names\2.12.3\jackson-module-parameter-names-2.12.3.jar;E:\maven_space\maven_jar\org\springframework\boot\spring-boot-starter-tomcat\2.5.2\spring-boot-starter-tomcat-2.5.2.jar;E:\maven_space\maven_jar\org\apache\tomcat\embed\tomcat-embed-core\9.0.48\tomcat-embed-core-9.0.48.jar;E:\maven_space\maven_jar\org\apache\tomcat\embed\tomcat-embed-el\9.0.48\tomcat-embed-el-9.0.48.jar;E:\maven_space\maven_jar\org\apache\tomcat\embed\tomcat-embed-websocket\9.0.48\tomcat-embed-websocket-9.0.48.jar;E:\maven_space\maven_jar\org\springframework\spring-web\5.3.8\spring-web-5.3.8.jar;E:\maven_space\maven_jar\org\springframework\spring-beans\5.3.8\spring-beans-5.3.8.jar;E:\maven_space\maven_jar\org\springframework\spring-webmvc\5.3.8\spring-webmvc-5.3.8.jar;E:\maven_space\maven_jar\org\springframework\spring-aop\5.3.8\spring-aop-5.3.8.jar;E:\maven_space\maven_jar\org\springframework\spring-context\5.3.8\spring-context-5.3.8.jar;E:\maven_space\maven_jar\org\springframework\spring-expression\5.3.8\spring-expression-5.3.8.jar;E:\maven_space\maven_jar\org\mybatis\spring\boot\mybatis-spring-boot-starter\2.2.0\mybatis-spring-boot-starter-2.2.0.jar;E:\maven_space\maven_jar\org\springframework\boot\spring-boot-starter-jdbc\2.5.2\spring-boot-starter-jdbc-2.5.2.jar;E:\maven_space\maven_jar\com\zaxxer\HikariCP\4.0.3\HikariCP-4.0.3.jar;E:\maven_space\maven_jar\org\springframework\spring-jdbc\5.3.8\spring-jdbc-5.3.8.jar;E:\maven_space\maven_jar\org\springframework\spring-tx\5.3.8\spring-tx-5.3.8.jar;E:\maven_space\maven_jar\org\mybatis\spring\boot\mybatis-spring-boot-autoconfigure\2.2.0\mybatis-spring-boot-autoconfigure-2.2.0.jar;E:\maven_space\maven_jar\org\mybatis\mybatis\3.5.7\mybatis-3.5.7.jar;E:\maven_space\maven_jar\org\mybatis\mybatis-spring\2.0.6\mybatis-spring-2.0.6.jar;E:\maven_space\maven_jar\mysql\mysql-connector-java\8.0.25\mysql-connector-java-8.0.25.jar;E:\maven_space\maven_jar\org\springframework\boot\spring-boot-starter-test\2.5.2\spring-boot-starter-test-2.5.2.jar;E:\maven_space\maven_jar\org\springframework\boot\spring-boot-test\2.5.2\spring-boot-test-2.5.2.jar;E:\maven_space\maven_jar\org\springframework\boot\spring-boot-test-autoconfigure\2.5.2\spring-boot-test-autoconfigure-2.5.2.jar;E:\maven_space\maven_jar\com\jayway\jsonpath\json-path\2.5.0\json-path-2.5.0.jar;E:\maven_space\maven_jar\net\minidev\json-smart\2.4.7\json-smart-2.4.7.jar;E:\maven_space\maven_jar\net\minidev\accessors-smart\2.4.7\accessors-smart-2.4.7.jar;E:\maven_space\maven_jar\org\ow2\asm\asm\9.1\asm-9.1.jar;E:\maven_space\maven_jar\org\slf4j\slf4j-api\1.7.31\slf4j-api-1.7.31.jar;E:\maven_space\maven_jar\jakarta\xml\bind\jakarta.xml.bind-api\2.3.3\jakarta.xml.bind-api-2.3.3.jar;E:\maven_space\maven_jar\jakarta\activation\jakarta.activation-api\1.2.2\jakarta.activation-api-1.2.2.jar;E:\maven_space\maven_jar\org\assertj\assertj-core\3.19.0\assertj-core-3.19.0.jar;E:\maven_space\maven_jar\org\hamcrest\hamcrest\2.2\hamcrest-2.2.jar;E:\maven_space\maven_jar\org\junit\jupiter\junit-jupiter\5.7.2\junit-jupiter-5.7.2.jar;E:\maven_space\maven_jar\org\junit\jupiter\junit-jupiter-api\5.7.2\junit-jupiter-api-5.7.2.jar;E:\maven_space\maven_jar\org\apiguardian\apiguardian-api\1.1.0\apiguardian-api-1.1.0.jar;E:\maven_space\maven_jar\org\opentest4j\opentest4j\1.2.0\opentest4j-1.2.0.jar;E:\maven_space\maven_jar\org\junit\platform\junit-platform-commons\1.7.2\junit-platform-commons-1.7.2.jar;E:\maven_space\maven_jar\org\junit\jupiter\junit-jupiter-params\5.7.2\junit-jupiter-params-5.7.2.jar;E:\maven_space\maven_jar\org\junit\jupiter\junit-jupiter-engine\5.7.2\junit-jupiter-engine-5.7.2.jar;E:\maven_space\maven_jar\org\junit\platform\junit-platform-engine\1.7.2\junit-platform-engine-1.7.2.jar;E:\maven_space\maven_jar\org\mockito\mockito-core\3.9.0\mockito-core-3.9.0.jar;E:\maven_space\maven_jar\net\bytebuddy\byte-buddy\1.10.22\byte-buddy-1.10.22.jar;E:\maven_space\maven_jar\net\bytebuddy\byte-buddy-agent\1.10.22\byte-buddy-agent-1.10.22.jar;E:\maven_space\maven_jar\org\objenesis\objenesis\3.2\objenesis-3.2.jar;E:\maven_space\maven_jar\org\mockito\mockito-junit-jupiter\3.9.0\mockito-junit-jupiter-3.9.0.jar;E:\maven_space\maven_jar\org\skyscreamer\jsonassert\1.5.0\jsonassert-1.5.0.jar;E:\maven_space\maven_jar\com\vaadin\external\google\android-json\0.0.20131108.vaadin1\android-json-0.0.20131108.vaadin1.jar;E:\maven_space\maven_jar\org\springframework\spring-core\5.3.8\spring-core-5.3.8.jar;E:\maven_space\maven_jar\org\springframework\spring-jcl\5.3.8\spring-jcl-5.3.8.jar;E:\maven_space\maven_jar\org\springframework\spring-test\5.3.8\spring-test-5.3.8.jar;E:\maven_space\maven_jar\org\xmlunit\xmlunit-core\2.8.2\xmlunit-core-2.8.2.jar;"/>
    <property name="sun.cpu.endian" value="little"/>
    <property name="user.home" value="C:\Users\LiuZijian"/>
    <property name="user.language" value="zh"/>
    <property name="java.specification.vendor" value="Oracle Corporation"/>
    <property name="java.home" value="E:\jdk 1.8.281\jre"/>
    <property name="basedir" value="C:\Users\LiuZijian\IdeaProjects\SPCxueping"/>
    <property name="file.separator" value="\"/>
    <property name="line.separator" value="&#10;"/>
    <property name="java.vm.specification.vendor" value="Oracle Corporation"/>
    <property name="java.specification.name" value="Java Platform API Specification"/>
    <property name="java.awt.graphicsenv" value="sun.awt.Win32GraphicsEnvironment"/>
    <property name="surefire.real.class.path" value="C:\Users\LIUZIJ~1\AppData\Local\Temp\surefire1254548317375986770\surefirebooter4952556169480821134.jar"/>
    <property name="sun.boot.class.path" value="E:\jdk 1.8.281\jre\lib\resources.jar;E:\jdk 1.8.281\jre\lib\rt.jar;E:\jdk 1.8.281\jre\lib\sunrsasign.jar;E:\jdk 1.8.281\jre\lib\jsse.jar;E:\jdk 1.8.281\jre\lib\jce.jar;E:\jdk 1.8.281\jre\lib\charsets.jar;E:\jdk 1.8.281\jre\lib\jfr.jar;E:\jdk 1.8.281\jre\classes"/>
    <property name="user.script" value=""/>
    <property name="sun.management.compiler" value="HotSpot 64-Bit Tiered Compilers"/>
    <property name="java.runtime.version" value="1.8.0_281-b09"/>
    <property name="user.name" value="LiuZijian"/>
    <property name="path.separator" value=";"/>
    <property name="os.version" value="10.0"/>
    <property name="java.endorsed.dirs" value="E:\jdk 1.8.281\jre\lib\endorsed"/>
    <property name="java.runtime.name" value="Java(TM) SE Runtime Environment"/>
    <property name="file.encoding" value="GBK"/>
    <property name="java.vm.name" value="Java HotSpot(TM) 64-Bit Server VM"/>
    <property name="localRepository" value="E:\maven_space\maven_jar"/>
    <property name="java.vendor.url.bug" value="http://bugreport.sun.com/bugreport/"/>
    <property name="java.io.tmpdir" value="C:\Users\LIUZIJ~1\AppData\Local\Temp\"/>
    <property name="idea.version" value="2021.1.3"/>
    <property name="java.version" value="1.8.0_281"/>
    <property name="user.dir" value="C:\Users\LiuZijian\IdeaProjects\SPCxueping"/>
    <property name="os.arch" value="amd64"/>
    <property name="java.vm.specification.name" value="Java Virtual Machine Specification"/>
    <property name="java.awt.printerjob" value="sun.awt.windows.WPrinterJob"/>
    <property name="sun.os.patch.level" value=""/>
    <property name="java.library.path" value="E:\jdk 1.8.281\jre\bin;C:\WINDOWS\Sun\Java\bin;C:\WINDOWS\system32;C:\WINDOWS;E:\VMware\bin\;E:\anaconda;E:\anaconda\Library\mingw-w64\bin;E:\anaconda\Library\usr\bin;E:\anaconda\Library\bin;E:\anaconda\Scripts;C:\WINDOWS\system32;C:\WINDOWS;C:\WINDOWS\System32\Wbem;C:\WINDOWS\System32\WindowsPowerShell\v1.0\;C:\WINDOWS\System32\OpenSSH\;E:\matlab\runtime\win64;E:\matlab\bin;C:\Program Files\Microsoft SQL Server\130\Tools\Binn\;C:\Program Files\Microsoft SQL Server\Client SDK\ODBC\170\Tools\Binn\;C:\Strawberry\c\bin;C:\Strawberry\perl\site\bin;C:\Strawberry\perl\bin;C:\Program Files\NVIDIA Corporation\NVIDIA NvDLISR;D:\Git\cmd;E:\winscp\WinSCP\;C:\Program Files\Go\bin;C:\Program Files\dotnet\;C:\Program Files (x86)\NVIDIA Corporation\PhysX\Common;E:\jdk 1.8.281\bin;C:\Program Files (x86)\Common Files\Oracle\Java\javapath;C:\Program Files\Common Files\Oracle\Java\javapath;E:\apache-maven-3.8.1-bin\apache-maven-3.8.1\bin;C:\Users\LiuZijian\AppData\Local\Microsoft\WindowsApps;;E:\Microsoft VS Code\bin;E:\pycharm\PyCharm Community Edition 2021.1.1\bin;;C:\Users\LiuZijian\go\bin;E:\GoLand 2021.1.1\bin;;E:\IntelliJ IDEA Community Edition 2021.1.1\bin;;C:\Users\LiuZijian\.dotnet\tools;E:\intellij idea dev\IntelliJ IDEA 2021.1.3\bin;;."/>
    <property name="java.vm.info" value="mixed mode"/>
    <property name="java.vendor" value="Oracle Corporation"/>
    <property name="java.vm.version" value="25.281-b09"/>
    <property name="java.ext.dirs" value="E:\jdk 1.8.281\jre\lib\ext;C:\WINDOWS\Sun\Java\lib\ext"/>
    <property name="sun.io.unicode.encoding" value="UnicodeLittle"/>
    <property name="java.class.version" value="52.0"/>
  </properties>
  <testcase name="contextLoads" classname="com.personal.spcxueping.SpCxuepingApplicationTests" time="0.975"/>
</testsuite>